<?xml version="1.0" encoding="UTF-8"?>
<!-- Generated by org.testng.reporters.JUnitXMLReporter -->
<testsuite ignored="2" hostname="LAPTOP-L19BSF30" failures="0" tests="3" name="Test" time="0.197" errors="0" timestamp="2025-10-22T12:53:18 IST">
  <testcase classname="automationcore.Base" name="@BeforeMethod initializeBrowser" time="-1.761117798253E9">
    <failure type="org.testng.TestNGException" message="
Parameter &amp;apos;browsers&amp;apos; is required by BeforeMethod on method initializeBrowser but has not been marked @Optional or defined
in C:\Users\aiswa\git\samplerepo\GroceryApplication\grouping.xml">
      <![CDATA[org.testng.TestNGException: 
Parameter 'browsers' is required by BeforeMethod on method initializeBrowser but has not been marked @Optional or defined
in C:\Users\aiswa\git\samplerepo\GroceryApplication\grouping.xml
at java.base/java.util.ArrayList.forEach(ArrayList.java:1596)
... Removed 28 stack frames]]>
    </failure>
  </testcase> <!-- @BeforeMethod initializeBrowser -->
  <testcase classname="automationcore.Base" name="@BeforeMethod initializeBrowser" time="-1.761117798342E9">
    <failure type="org.testng.TestNGException" message="
Parameter &amp;apos;browsers&amp;apos; is required by BeforeMethod on method initializeBrowser but has not been marked @Optional or defined
in C:\Users\aiswa\git\samplerepo\GroceryApplication\grouping.xml">
      <![CDATA[org.testng.TestNGException: 
Parameter 'browsers' is required by BeforeMethod on method initializeBrowser but has not been marked @Optional or defined
in C:\Users\aiswa\git\samplerepo\GroceryApplication\grouping.xml
at java.base/java.util.ArrayList.forEach(ArrayList.java:1596)
... Removed 28 stack frames]]>
    </failure>
  </testcase> <!-- @BeforeMethod initializeBrowser -->
  <testcase classname="automationcore.Base" name="@BeforeMethod initializeBrowser" time="-1.761117798359E9">
    <failure type="org.testng.TestNGException" message="
Parameter &amp;apos;browsers&amp;apos; is required by BeforeMethod on method initializeBrowser but has not been marked @Optional or defined
in C:\Users\aiswa\git\samplerepo\GroceryApplication\grouping.xml">
      <![CDATA[org.testng.TestNGException: 
Parameter 'browsers' is required by BeforeMethod on method initializeBrowser but has not been marked @Optional or defined
in C:\Users\aiswa\git\samplerepo\GroceryApplication\grouping.xml
at java.base/java.util.ArrayList.forEach(ArrayList.java:1596)
... Removed 28 stack frames]]>
    </failure>
  </testcase> <!-- @BeforeMethod initializeBrowser -->
  <testcase classname="testScript.LoginTest" name="verifyUserwithValidCredentials" time="0.0">
    <skipped/>
  </testcase> <!-- verifyUserwithValidCredentials -->
  <testcase classname="testScript.LoginTest" name="verifyINalidusernameandInvalidPassword" time="0.0">
    <skipped/>
  </testcase> <!-- verifyINalidusernameandInvalidPassword -->
  <testcase classname="testScript.LoginTest" name="verifyINalidusernameandInvalidPassword" time="0.0">
    <skipped/>
  </testcase> <!-- verifyINalidusernameandInvalidPassword -->
  <testcase classname="testScript.LoginTest" name="verifyInvalidusernameandValidPassword" time="0.0">
    <ignored/>
  </testcase> <!-- verifyInvalidusernameandValidPassword -->
  <testcase classname="testScript.LoginTest" name="verifyValidusernameandInvalidPassword" time="0.0">
    <ignored/>
  </testcase> <!-- verifyValidusernameandInvalidPassword -->
</testsuite> <!-- Test -->
