<?xml version="1.0" encoding="UTF-8"?>
<!-- Generated by org.testng.reporters.JUnitReportReporter -->
<testsuite hostname="LAPTOP-L19BSF30" failures="0" tests="5" name="testScript.LoginTest" time="22.755" errors="0" timestamp="2025-10-26T12:50:15 IST" skipped="0">
  <testcase classname="testScript.LoginTest" name="verifyUserwithValidCredentials" time="4.941"/>
  <testcase classname="testScript.LoginTest" name="verifyInvalidusernameandValidPassword" time="4.502"/>
  <testcase classname="testScript.LoginTest" name="verifyValidusernameandInvalidPassword" time="4.530"/>
  <testcase classname="testScript.LoginTest" name="verifyINalidusernameandInvalidPassword" time="4.787"/>
  <testcase classname="testScript.LoginTest" name="verifyINalidusernameandInvalidPassword" time="3.995"/>
</testsuite> <!-- testScript.LoginTest -->
