<?xml version="1.0" encoding="UTF-8"?>
<!-- Generated by org.testng.reporters.JUnitXMLReporter -->
<testsuite ignored="1" hostname="LAPTOP-L19BSF30" failures="0" tests="1" name="Default test" time="7.474" errors="0" timestamp="2025-10-18T20:59:51 IST">
  <testcase classname="testScript.ManageNewsTest" name="isUserIsAbleTosearchNews" time="3.03"/>
  <testcase classname="testScript.ManageNewsTest" name="isUserIsAbleToAddNewNews" time="0.0">
    <ignored/>
  </testcase> <!-- isUserIsAbleToAddNewNews -->
</testsuite> <!-- Default test -->
